0 info it worked if it ends with ok
1 verbose cli [ 'c:\\Program Files (x86)\\nodejs\\node.exe',
1 verbose cli   'c:\\Program Files (x86)\\nodejs\\node_modules\\npm\\bin\\npm-cli.js',
1 verbose cli   'install' ]
2 info using npm@1.4.28
3 info using node@v0.10.33
4 warn package.json MyMoneyClient@0.0.1 No repository field.
5 warn package.json MyMoneyClient@0.0.1 No README data
6 verbose readDependencies using package.json deps
7 verbose install where, deps [ 'c:\\Users\\sahri\\Desktop\\PED_Money\\client', [ 'bower' ] ]
8 info preinstall MyMoneyClient@0.0.1
9 verbose readDependencies using package.json deps
10 verbose already installed skipping bower@* c:\Users\sahri\Desktop\PED_Money\client
11 silly resolved []
12 info build c:\Users\sahri\Desktop\PED_Money\client
13 verbose linkStuff [ false, false, false, 'c:\\Users\\sahri\\Desktop\\PED_Money' ]
14 info linkStuff MyMoneyClient@0.0.1
15 verbose linkBins MyMoneyClient@0.0.1
16 verbose linkMans MyMoneyClient@0.0.1
17 verbose rebuildBundles MyMoneyClient@0.0.1
18 verbose rebuildBundles [ 'bower' ]
19 info install MyMoneyClient@0.0.1
20 verbose unsafe-perm in lifecycle true
21 info MyMoneyClient@0.0.1 Failed to exec install script
22 error MyMoneyClient@0.0.1 install: `bower install`
22 error Exit status 1
23 error Failed at the MyMoneyClient@0.0.1 install script.
23 error This is most likely a problem with the MyMoneyClient package,
23 error not with npm itself.
23 error Tell the author that this fails on your system:
23 error     bower install
23 error You can get their info via:
23 error     npm owner ls MyMoneyClient
23 error There is likely additional logging output above.
24 error System Windows_NT 6.2.9200
25 error command "c:\\Program Files (x86)\\nodejs\\node.exe" "c:\\Program Files (x86)\\nodejs\\node_modules\\npm\\bin\\npm-cli.js" "install"
26 error cwd c:\Users\sahri\Desktop\PED_Money\client
27 error node -v v0.10.33
28 error npm -v 1.4.28
29 error code ELIFECYCLE
30 verbose exit [ 1, true ]
